<?xml version="1.0" encoding="UTF-8"?>
<testsuite xmlns:xsi="http://www.w3.org/2001/XMLSchema-instance" xsi:schemaLocation="https://maven.apache.org/surefire/maven-surefire-plugin/xsd/surefire-test-report.xsd" name="testRunner.TestRunner" time="3.014" tests="14" errors="0" skipped="0" failures="2">
  <properties>
[...]
</properties>
  <testcase name="When I perform a GET operation for &quot;/api/blog/categories/&quot;" classname="Scenario: Verify GET operation for blog categories api" time="0.003"/>
  <testcase name="Then the response code should be &quot;200&quot;" classname="Scenario: Verify GET operation for blog categories api" time="0"/>
  <testcase name="And the response body should not be null" classname="Scenario: Verify GET operation for blog categories api" time="0"/>
  <testcase name="Scenario: Verify GET operation for blog categories api" classname="Scenario: Verify GET operation for blog categories api" time="0.001"/>
  <testcase name="When I perform a POST operation for &quot;/api/blog/categories/&quot; with valid category name" classname="Scenario: Verify if POST operation is successful for valid category name in the json payload" time="0"/>
  <testcase name="Then the response code should be &quot;201&quot;" classname="Scenario: Verify if POST operation is successful for valid category name in the json payload" time="0.001"/>
  <testcase name="And the new category name should be displayed properly when GET operation is performed" classname="Scenario: Verify if POST operation is successful for valid category name in the json payload" time="0.005">
    <failure message="Category name has not been posted correctly. Expected: xksnewyxvq but actual name is: ksnewyxvq expected:&lt;[x]ksnewyxvq&gt; but was:&lt;[]ksnewyxvq&gt;" type="org.junit.ComparisonFailure"><![CDATA[org.junit.ComparisonFailure: Category name has not been posted correctly. Expected: xksnewyxvq but actual name is: ksnewyxvq expected:<[x]ksnewyxvq> but was:<[]ksnewyxvq>
]]></failure>
    <system-out><![CDATA[Asserting new category name is: xksnewyxvq
]]></system-out>
  </testcase>
  <testcase name="Scenario: Verify if POST operation is successful for valid category name in the json payload" classname="Scenario: Verify if POST operation is successful for valid category name in the json payload" time="0.006">
    <failure message="Category name has not been posted correctly. Expected: xksnewyxvq but actual name is: ksnewyxvq expected:&lt;[x]ksnewyxvq&gt; but was:&lt;[]ksnewyxvq&gt;" type="org.junit.ComparisonFailure"><![CDATA[org.junit.ComparisonFailure: Category name has not been posted correctly. Expected: xksnewyxvq but actual name is: ksnewyxvq expected:<[x]ksnewyxvq> but was:<[]ksnewyxvq>
]]></failure>
  </testcase>
  <testcase name="When I perform a DELETE operation for &quot;/api/blog/categories/&quot; using &quot;invalid&quot; category id" classname="| invalid | 404 |" time="0"/>
  <testcase name="Then the response code should be &quot;404&quot;" classname="| invalid | 404 |" time="0"/>
  <testcase name="| invalid | 404 |" classname="| invalid | 404 |" time="0"/>
  <testcase name="When I perform a DELETE operation for &quot;/api/blog/categories/&quot; using &quot;valid&quot; category id" classname="| valid | 204 |" time="0"/>
  <testcase name="Then the response code should be &quot;204&quot;" classname="| valid | 204 |" time="0.001"/>
  <testcase name="| valid | 204 |" classname="| valid | 204 |" time="0.001"/>
</testsuite>